<?xml version="1.0" encoding="UTF-8"?>
<!-- Generated by org.testng.reporters.JUnitReportReporter -->
<testsuite skipped="0" hostname="E0727662" name="runner.TestRunner" tests="2" failures="0" timestamp="2021-08-26T23:21:01 EET" time="62.127" errors="0">
  <testcase name="feature" time="40.100" classname="runner.TestRunner"/>
  <system-out/>
  <testcase name="feature" time="22.027" classname="runner.TestRunner"/>
  <system-out/>
</testsuite> <!-- runner.TestRunner -->
